Using pre-set license
Built from '2021.1/release' branch; Version is '2021.1.0f1 (61a549675243) revision 6399305'; Using compiler version '192528614'; Build Type 'Release'
OS: 'Windows 10 Pro; OS build 19041.985; Version 2004; 64bit' Language: 'es' Physical Memory: 16315 MB
BatchMode: 1, IsHumanControllingUs: 0, StartBugReporterOnCrash: 0, Is64bit: 1, IsPro: 0

 COMMAND LINE ARGUMENTS:
C:\Program Files\Unity\Hub\Editor\2021.1.0f1\Editor\Unity.exe
-adb2
-batchMode
-noUpm
-name
AssetImportWorker0
-projectPath
E:/Escritorio/Git/Clean-Ocean-Final
-logFile
Logs/AssetImportWorker0.log
-srvPort
62516
Successfully changed project path to: E:/Escritorio/Git/Clean-Ocean-Final
E:/Escritorio/Git/Clean-Ocean-Final
Using Asset Import Pipeline V2.
Refreshing native plugins compatible for Editor in 65.92 ms, found 0 plugins.
Preloading 0 native plugins for Editor in 0.00 ms.
Initialize engine version: 2021.1.0f1 (61a549675243)
[Subsystems] Discovering subsystems at path C:/Program Files/Unity/Hub/Editor/2021.1.0f1/Editor/Data/Resources/UnitySubsystems
[Subsystems] Discovering subsystems at path E:/Escritorio/Git/Clean-Ocean-Final/Assets
GfxDevice: creating device client; threaded=0; jobified=0
Direct3D:
    Version:  Direct3D 11.0 [level 11.1]
    Renderer: NVIDIA GeForce GTX 1070 Ti (ID=0x1b82)
    Vendor:   NVIDIA
    VRAM:     8079 MB
    Driver:   27.21.14.5751
Shader 'Universal Render Pipeline/Particles/Lit': fallback shader 'Universal Render Pipeline/Particles/SimpleLit' not found
Initialize mono
Mono path[0] = 'C:/Program Files/Unity/Hub/Editor/2021.1.0f1/Editor/Data/Managed'
Mono path[1] = 'C:/Program Files/Unity/Hub/Editor/2021.1.0f1/Editor/Data/MonoBleedingEdge/lib/mono/unityjit'
Mono config path = 'C:/Program Files/Unity/Hub/Editor/2021.1.0f1/Editor/Data/MonoBleedingEdge/etc'
Using monoOptions --debugger-agent=transport=dt_socket,embedding=1,server=y,suspend=n,address=127.0.0.1:56852
Begin MonoManager ReloadAssembly
Registering precompiled unity dll's ...
Register platform support module: C:/Program Files/Unity/Hub/Editor/2021.1.0f1/Editor/Data/PlaybackEngines/WindowsStandaloneSupport/UnityEditor.WindowsStandalone.Extensions.dll
Registered in 0.002333 seconds.
Native extension for WindowsStandalone target not found
Refreshing native plugins compatible for Editor in 56.81 ms, found 0 plugins.
Preloading 0 native plugins for Editor in 0.00 ms.
Mono: successfully reloaded assembly
- Completed reload, in  1.580 seconds
Platform modules already initialized, skipping
Registering precompiled user dll's ...
Registered in 0.005257 seconds.
Begin MonoManager ReloadAssembly
Native extension for WindowsStandalone target not found
Refreshing native plugins compatible for Editor in 58.94 ms, found 0 plugins.
Preloading 0 native plugins for Editor in 0.00 ms.
Mono: successfully reloaded assembly
- Completed reload, in  0.990 seconds
Platform modules already initialized, skipping
========================================================================
Worker process is ready to serve import requests
Shader 'Universal Render Pipeline/Particles/Lit': fallback shader 'Universal Render Pipeline/Particles/SimpleLit' not found
Launched and connected shader compiler UnityShaderCompiler.exe after 0.04 seconds
Refreshing native plugins compatible for Editor in 0.73 ms, found 0 plugins.
Preloading 0 native plugins for Editor in 0.00 ms.
Unloading 3299 Unused Serialized files (Serialized files now loaded: 0)
System memory in use before: 151.2 MB.
System memory in use after: 147.2 MB.

Unloading 101 unused Assets to reduce memory usage. Loaded Objects now: 3688.
Total: 6.347000 ms (FindLiveObjects: 0.243200 ms CreateObjectMapping: 0.129300 ms MarkObjects: 4.814200 ms  DeleteObjects: 1.159000 ms)

========================================================================
Received Import Request.
  path: Assets/New Material.mat
  artifactKey: Guid(973dcc763cf06aa4cb42e3baf029b597) Importer(815301076,1909f56bfc062723c751e8b465ee728b)
Start importing Assets/New Material.mat using Guid(973dcc763cf06aa4cb42e3baf029b597) Importer(815301076,1909f56bfc062723c751e8b465ee728b)  -> (artifact id: 'ec171d731830e7d7e6a005b16898d5fe') in 0.255067 seconds 
========================================================================
Received Prepare
Registering precompiled user dll's ...
Registered in 0.005406 seconds.
Begin MonoManager ReloadAssembly
Native extension for WindowsStandalone target not found
Refreshing native plugins compatible for Editor in 0.74 ms, found 0 plugins.
Preloading 0 native plugins for Editor in 0.00 ms.
Mono: successfully reloaded assembly
- Completed reload, in  1.011 seconds
Platform modules already initialized, skipping
Shader 'Universal Render Pipeline/Particles/Lit': fallback shader 'Universal Render Pipeline/Particles/SimpleLit' not found
Refreshing native plugins compatible for Editor in 0.77 ms, found 0 plugins.
Preloading 0 native plugins for Editor in 0.00 ms.
Unloading 3182 Unused Serialized files (Serialized files now loaded: 0)
System memory in use before: 150.7 MB.
System memory in use after: 146.7 MB.

Unloading 92 unused Assets to reduce memory usage. Loaded Objects now: 3769.
Total: 8.773700 ms (FindLiveObjects: 0.404700 ms CreateObjectMapping: 0.196100 ms MarkObjects: 7.011700 ms  DeleteObjects: 1.159400 ms)

========================================================================
Received Prepare
Registering precompiled user dll's ...
Registered in 0.004857 seconds.
Begin MonoManager ReloadAssembly
Native extension for WindowsStandalone target not found
Refreshing native plugins compatible for Editor in 0.89 ms, found 0 plugins.
Preloading 0 native plugins for Editor in 0.00 ms.
Mono: successfully reloaded assembly
- Completed reload, in  1.011 seconds
Platform modules already initialized, skipping
Shader 'Universal Render Pipeline/Particles/Lit': fallback shader 'Universal Render Pipeline/Particles/SimpleLit' not found
Refreshing native plugins compatible for Editor in 0.83 ms, found 0 plugins.
Preloading 0 native plugins for Editor in 0.00 ms.
Unloading 3182 Unused Serialized files (Serialized files now loaded: 0)
System memory in use before: 150.7 MB.
System memory in use after: 146.8 MB.

Unloading 92 unused Assets to reduce memory usage. Loaded Objects now: 3772.
Total: 8.043500 ms (FindLiveObjects: 0.245400 ms CreateObjectMapping: 0.154600 ms MarkObjects: 6.018400 ms  DeleteObjects: 1.623500 ms)

========================================================================
Received Prepare
Registering precompiled user dll's ...
Registered in 0.004409 seconds.
Begin MonoManager ReloadAssembly
Native extension for WindowsStandalone target not found
Refreshing native plugins compatible for Editor in 0.72 ms, found 0 plugins.
Preloading 0 native plugins for Editor in 0.00 ms.
Mono: successfully reloaded assembly
- Completed reload, in  0.889 seconds
Platform modules already initialized, skipping
Shader 'Universal Render Pipeline/Particles/Lit': fallback shader 'Universal Render Pipeline/Particles/SimpleLit' not found
Refreshing native plugins compatible for Editor in 0.72 ms, found 0 plugins.
Preloading 0 native plugins for Editor in 0.00 ms.
Unloading 3182 Unused Serialized files (Serialized files now loaded: 0)
System memory in use before: 150.7 MB.
System memory in use after: 146.7 MB.

Unloading 92 unused Assets to reduce memory usage. Loaded Objects now: 3775.
Total: 7.639900 ms (FindLiveObjects: 0.267100 ms CreateObjectMapping: 0.142200 ms MarkObjects: 5.655000 ms  DeleteObjects: 1.574100 ms)

========================================================================
Received Import Request.
  Time since last request: 1750.382913 seconds.
  path: Assets/Scripts/WavesFollowLaberynth.cs
  artifactKey: Guid(a6421ea673d074f4c8b82f628f8207bc) Importer(815301076,1909f56bfc062723c751e8b465ee728b)
Start importing Assets/Scripts/WavesFollowLaberynth.cs using Guid(a6421ea673d074f4c8b82f628f8207bc) Importer(815301076,1909f56bfc062723c751e8b465ee728b)  -> (artifact id: 'c6bc3f507008a2ac9708689be826f71e') in 0.053576 seconds 
========================================================================
Received Import Request.
  Time since last request: 8.374758 seconds.
  path: Assets/Scripts/WaterFloat.cs
  artifactKey: Guid(baae4a23d65914a48b265a4fc171c0dd) Importer(815301076,1909f56bfc062723c751e8b465ee728b)
Start importing Assets/Scripts/WaterFloat.cs using Guid(baae4a23d65914a48b265a4fc171c0dd) Importer(815301076,1909f56bfc062723c751e8b465ee728b)  -> (artifact id: '9637dbe82d0be9f4f0c54c1fd5477ba4') in 0.005012 seconds 
========================================================================
Received Import Request.
  Time since last request: 505.171219 seconds.
  path: Packages/com.unity.render-pipelines.universal/Runtime/Materials/ParticlesUnlit.mat
  artifactKey: Guid(e823cd5b5d27c0f4b8256e7c12ee3e6d) Importer(815301076,1909f56bfc062723c751e8b465ee728b)
Start importing Packages/com.unity.render-pipelines.universal/Runtime/Materials/ParticlesUnlit.mat using Guid(e823cd5b5d27c0f4b8256e7c12ee3e6d) Importer(815301076,1909f56bfc062723c751e8b465ee728b)  -> (artifact id: 'b723b9b52811131c54f6536f5b226822') in 0.135927 seconds 
========================================================================
Received Prepare
Registering precompiled user dll's ...
Registered in 0.004628 seconds.
Begin MonoManager ReloadAssembly
Native extension for WindowsStandalone target not found
Refreshing native plugins compatible for Editor in 0.72 ms, found 0 plugins.
Preloading 0 native plugins for Editor in 0.00 ms.
Mono: successfully reloaded assembly
- Completed reload, in  0.873 seconds
Platform modules already initialized, skipping
Shader 'Universal Render Pipeline/Particles/Lit': fallback shader 'Universal Render Pipeline/Particles/SimpleLit' not found
Refreshing native plugins compatible for Editor in 0.75 ms, found 0 plugins.
Preloading 0 native plugins for Editor in 0.00 ms.
Unloading 3182 Unused Serialized files (Serialized files now loaded: 0)
System memory in use before: 150.9 MB.
System memory in use after: 146.9 MB.

Unloading 93 unused Assets to reduce memory usage. Loaded Objects now: 3814.
Total: 7.574200 ms (FindLiveObjects: 0.255700 ms CreateObjectMapping: 0.156900 ms MarkObjects: 5.896900 ms  DeleteObjects: 1.263300 ms)

========================================================================
Received Import Request.
  Time since last request: 499.389751 seconds.
  path: Assets/MovimientoLancha.cs
  artifactKey: Guid(a7646a0850b7a184da3d775c2badd38a) Importer(815301076,1909f56bfc062723c751e8b465ee728b)
Start importing Assets/MovimientoLancha.cs using Guid(a7646a0850b7a184da3d775c2badd38a) Importer(815301076,1909f56bfc062723c751e8b465ee728b)  -> (artifact id: '631adeed017b9f0e848881495fabacc0') in 0.009863 seconds 
========================================================================
Received Prepare
Registering precompiled user dll's ...
Registered in 0.004341 seconds.
Begin MonoManager ReloadAssembly
Native extension for WindowsStandalone target not found
Refreshing native plugins compatible for Editor in 0.72 ms, found 0 plugins.
Preloading 0 native plugins for Editor in 0.00 ms.
Mono: successfully reloaded assembly
- Completed reload, in  0.876 seconds
Platform modules already initialized, skipping
Shader 'Universal Render Pipeline/Particles/Lit': fallback shader 'Universal Render Pipeline/Particles/SimpleLit' not found
Refreshing native plugins compatible for Editor in 0.77 ms, found 0 plugins.
Preloading 0 native plugins for Editor in 0.00 ms.
Unloading 3182 Unused Serialized files (Serialized files now loaded: 0)
System memory in use before: 150.8 MB.
System memory in use after: 146.8 MB.

Unloading 92 unused Assets to reduce memory usage. Loaded Objects now: 3817.
Total: 7.431600 ms (FindLiveObjects: 0.249500 ms CreateObjectMapping: 0.148200 ms MarkObjects: 5.776600 ms  DeleteObjects: 1.256100 ms)

AssetImportWorkerClient::OnTransportError - code=2 error=End of file
